<?xml version="1.0" encoding="UTF-8"?>
<robot generator="Robot 7.0.1 (Python 3.12.5 on win32)" generated="2024-08-26T13:54:14.747049" rpa="false" schemaversion="5">
<suite id="s1" name="Ts1 Google Search" source="C:\Users\matem\OneDrive\เดสก์ท็อป\test2\ts1_google_search.robot">
<test id="s1-t1" name="Search Google and Verify Results TC1001" line="15">
<kw name="Open Google">
<kw name="Open Browser" owner="SeleniumLibrary">
<msg time="2024-08-26T13:54:15.011919" level="INFO">Opening browser 'chrome' to base url 'https://www.google.com'.</msg>
<arg>https://www.google.com</arg>
<arg>${BROWSER}</arg>
<doc>Opens a new browser instance to the optional ``url``.</doc>
<status status="PASS" start="2024-08-26T13:54:15.011919" elapsed="2.975336"/>
</kw>
<status status="PASS" start="2024-08-26T13:54:15.010919" elapsed="2.976336"/>
</kw>
<kw name="Input Search Term">
<kw name="Input Text" owner="SeleniumLibrary">
<msg time="2024-08-26T13:54:17.988829" level="INFO">Typing text 'robot framework' into text field 'name=q'.</msg>
<arg>name=q</arg>
<arg>${SEARCH_TERM}</arg>
<doc>Types the given ``text`` into the text field identified by ``locator``.</doc>
<status status="PASS" start="2024-08-26T13:54:17.988421" elapsed="0.134120"/>
</kw>
<status status="PASS" start="2024-08-26T13:54:17.988245" elapsed="0.134296"/>
</kw>
<kw name="Enter Google Search">
<kw name="Press Keys" owner="SeleniumLibrary">
<msg time="2024-08-26T13:54:18.123534" level="INFO">Sending key(s) ('ENTER',) to name=q element.</msg>
<msg time="2024-08-26T13:54:18.436481" level="INFO">Pressing special key ENTER to element.</msg>
<msg time="2024-08-26T13:54:18.437516" level="INFO">Releasing special key ENTER.</msg>
<arg>name=q</arg>
<arg>ENTER</arg>
<doc>Simulates the user pressing key(s) to an element or on the active browser.</doc>
<status status="PASS" start="2024-08-26T13:54:18.123534" elapsed="1.285027"/>
</kw>
<status status="PASS" start="2024-08-26T13:54:18.122541" elapsed="1.286445"/>
</kw>
<kw name="Verify Search Results">
<kw name="Page Should Contain" owner="SeleniumLibrary">
<msg time="2024-08-26T13:54:19.504875" level="INFO">Current page contains text 'robot'.</msg>
<arg>${SEARCH_RESULT}</arg>
<doc>Verifies that current page contains ``text``.</doc>
<status status="PASS" start="2024-08-26T13:54:19.409806" elapsed="0.095069"/>
</kw>
<status status="PASS" start="2024-08-26T13:54:19.409307" elapsed="0.096064"/>
</kw>
<kw name="Close Browser" owner="SeleniumLibrary">
<doc>Closes the current browser.</doc>
<status status="PASS" start="2024-08-26T13:54:19.507015" elapsed="2.222286"/>
</kw>
<doc>Test case to search Google and verify results</doc>
<tag>search</tag>
<status status="PASS" start="2024-08-26T13:54:15.009880" elapsed="6.721722"/>
</test>
<test id="s1-t2" name="Search Google and Check Results TC1002" line="24">
<kw name="Open Google">
<kw name="Open Browser" owner="SeleniumLibrary">
<msg time="2024-08-26T13:54:21.736999" level="INFO">Opening browser 'chrome' to base url 'https://www.google.com'.</msg>
<arg>https://www.google.com</arg>
<arg>${BROWSER}</arg>
<doc>Opens a new browser instance to the optional ``url``.</doc>
<status status="PASS" start="2024-08-26T13:54:21.736999" elapsed="3.103646"/>
</kw>
<status status="PASS" start="2024-08-26T13:54:21.735996" elapsed="3.104649"/>
</kw>
<kw name="Input Search Term">
<kw name="Input Text" owner="SeleniumLibrary">
<msg time="2024-08-26T13:54:24.841304" level="INFO">Typing text 'robot framework' into text field 'name=q'.</msg>
<arg>name=q</arg>
<arg>${SEARCH_TERM}</arg>
<doc>Types the given ``text`` into the text field identified by ``locator``.</doc>
<status status="PASS" start="2024-08-26T13:54:24.841304" elapsed="0.133876"/>
</kw>
<status status="PASS" start="2024-08-26T13:54:24.841304" elapsed="0.133876"/>
</kw>
<kw name="Enter Google Search">
<kw name="Press Keys" owner="SeleniumLibrary">
<msg time="2024-08-26T13:54:24.977661" level="INFO">Sending key(s) ('ENTER',) to name=q element.</msg>
<msg time="2024-08-26T13:54:25.287550" level="INFO">Pressing special key ENTER to element.</msg>
<msg time="2024-08-26T13:54:25.287550" level="INFO">Releasing special key ENTER.</msg>
<arg>name=q</arg>
<arg>ENTER</arg>
<doc>Simulates the user pressing key(s) to an element or on the active browser.</doc>
<status status="PASS" start="2024-08-26T13:54:24.977164" elapsed="1.346541"/>
</kw>
<status status="PASS" start="2024-08-26T13:54:24.976441" elapsed="1.347876"/>
</kw>
<kw name="Verify Search Results">
<kw name="Page Should Contain" owner="SeleniumLibrary">
<msg time="2024-08-26T13:54:26.428234" level="INFO">Current page contains text 'robot'.</msg>
<arg>${SEARCH_RESULT}</arg>
<doc>Verifies that current page contains ``text``.</doc>
<status status="PASS" start="2024-08-26T13:54:26.326178" elapsed="0.102056"/>
</kw>
<status status="PASS" start="2024-08-26T13:54:26.325013" elapsed="0.104229"/>
</kw>
<kw name="Close Browser" owner="SeleniumLibrary">
<doc>Closes the current browser.</doc>
<status status="PASS" start="2024-08-26T13:54:26.430245" elapsed="2.215064"/>
</kw>
<doc>Test case to search Google and verify results</doc>
<tag>search</tag>
<status status="PASS" start="2024-08-26T13:54:21.734808" elapsed="6.912502"/>
</test>
<test id="s1-t3" name="Search Google and Check Results TC1003" line="33">
<kw name="Open Google">
<kw name="Open Browser" owner="SeleniumLibrary">
<msg time="2024-08-26T13:54:28.653358" level="INFO">Opening browser 'chrome' to base url 'https://www.google.com'.</msg>
<arg>https://www.google.com</arg>
<arg>${BROWSER}</arg>
<doc>Opens a new browser instance to the optional ``url``.</doc>
<status status="PASS" start="2024-08-26T13:54:28.653358" elapsed="3.099006"/>
</kw>
<status status="PASS" start="2024-08-26T13:54:28.652355" elapsed="3.100009"/>
</kw>
<kw name="Input Search Term">
<kw name="Input Text" owner="SeleniumLibrary">
<msg time="2024-08-26T13:54:31.754532" level="INFO">Typing text 'robot framework' into text field 'name=q'.</msg>
<arg>name=q</arg>
<arg>${SEARCH_TERM}</arg>
<doc>Types the given ``text`` into the text field identified by ``locator``.</doc>
<status status="PASS" start="2024-08-26T13:54:31.753890" elapsed="0.138479"/>
</kw>
<status status="PASS" start="2024-08-26T13:54:31.753178" elapsed="0.139191"/>
</kw>
<kw name="Enter Google Search">
<kw name="Press Keys" owner="SeleniumLibrary">
<msg time="2024-08-26T13:54:31.893901" level="INFO">Sending key(s) ('ENTER',) to name=q element.</msg>
<msg time="2024-08-26T13:54:32.205843" level="INFO">Pressing special key ENTER to element.</msg>
<msg time="2024-08-26T13:54:32.205843" level="INFO">Releasing special key ENTER.</msg>
<arg>name=q</arg>
<arg>ENTER</arg>
<doc>Simulates the user pressing key(s) to an element or on the active browser.</doc>
<status status="PASS" start="2024-08-26T13:54:31.893392" elapsed="1.354945"/>
</kw>
<status status="PASS" start="2024-08-26T13:54:31.893392" elapsed="1.354945"/>
</kw>
<kw name="Verify Search Results">
<kw name="Page Should Contain" owner="SeleniumLibrary">
<msg time="2024-08-26T13:54:33.348803" level="INFO">Current page contains text 'robot'.</msg>
<arg>${SEARCH_RESULT}</arg>
<doc>Verifies that current page contains ``text``.</doc>
<status status="PASS" start="2024-08-26T13:54:33.250297" elapsed="0.098506"/>
</kw>
<status status="PASS" start="2024-08-26T13:54:33.249802" elapsed="0.099001"/>
</kw>
<kw name="Close Browser" owner="SeleniumLibrary">
<doc>Closes the current browser.</doc>
<status status="PASS" start="2024-08-26T13:54:33.350228" elapsed="2.200158"/>
</kw>
<doc>Test case to search Google and verify results</doc>
<tag>search</tag>
<status status="PASS" start="2024-08-26T13:54:28.651300" elapsed="6.900261"/>
</test>
<test id="s1-t4" name="Search Google and Check Results TC1004" line="42">
<kw name="Open Google">
<kw name="Open Browser" owner="SeleniumLibrary">
<msg time="2024-08-26T13:54:35.557092" level="INFO">Opening browser 'chrome' to base url 'https://www.google.com'.</msg>
<arg>https://www.google.com</arg>
<arg>${BROWSER}</arg>
<doc>Opens a new browser instance to the optional ``url``.</doc>
<status status="PASS" start="2024-08-26T13:54:35.557092" elapsed="3.155628"/>
</kw>
<status status="PASS" start="2024-08-26T13:54:35.556090" elapsed="3.156630"/>
</kw>
<kw name="Input Search Keyword">
<kw name="Input Text" owner="SeleniumLibrary">
<msg time="2024-08-26T13:54:38.715610" level="INFO">Typing text 'npru' into text field 'name=q'.</msg>
<arg>name=q</arg>
<arg>${SEARCH_KEYWORD}</arg>
<doc>Types the given ``text`` into the text field identified by ``locator``.</doc>
<status status="PASS" start="2024-08-26T13:54:38.715176" elapsed="0.089536"/>
</kw>
<status status="PASS" start="2024-08-26T13:54:38.714038" elapsed="0.090674"/>
</kw>
<kw name="Enter Google Search">
<kw name="Press Keys" owner="SeleniumLibrary">
<msg time="2024-08-26T13:54:38.805942" level="INFO">Sending key(s) ('ENTER',) to name=q element.</msg>
<msg time="2024-08-26T13:54:39.104951" level="INFO">Pressing special key ENTER to element.</msg>
<msg time="2024-08-26T13:54:39.104951" level="INFO">Releasing special key ENTER.</msg>
<arg>name=q</arg>
<arg>ENTER</arg>
<doc>Simulates the user pressing key(s) to an element or on the active browser.</doc>
<status status="PASS" start="2024-08-26T13:54:38.805942" elapsed="1.511979"/>
</kw>
<status status="PASS" start="2024-08-26T13:54:38.805445" elapsed="1.513110"/>
</kw>
<kw name="Verify Search Result Keyword">
<kw name="Page Should Contain" owner="SeleniumLibrary">
<msg time="2024-08-26T13:54:40.357464" level="INFO">Current page contains text 'University'.</msg>
<arg>${SEARCH_RESULT_KEYWORD}</arg>
<doc>Verifies that current page contains ``text``.</doc>
<status status="PASS" start="2024-08-26T13:54:40.319655" elapsed="0.037809"/>
</kw>
<status status="PASS" start="2024-08-26T13:54:40.319054" elapsed="0.038410"/>
</kw>
<kw name="Close Browser" owner="SeleniumLibrary">
<doc>Closes the current browser.</doc>
<status status="PASS" start="2024-08-26T13:54:40.358523" elapsed="2.273323"/>
</kw>
<doc>Test case to search Google and verify results</doc>
<tag>search</tag>
<status status="PASS" start="2024-08-26T13:54:35.554931" elapsed="7.077622"/>
</test>
<status status="PASS" start="2024-08-26T13:54:14.748729" elapsed="27.885324"/>
</suite>
<statistics>
<total>
<stat pass="4" fail="0" skip="0">All Tests</stat>
</total>
<tag>
<stat pass="4" fail="0" skip="0">search</stat>
</tag>
<suite>
<stat pass="4" fail="0" skip="0" id="s1" name="Ts1 Google Search">Ts1 Google Search</stat>
</suite>
</statistics>
<errors>
</errors>
</robot>
